[FINE] 2016-04-14 21:01:22 jarvis.utils.FilesUtils : Exception happened 
[FINE] 2016-04-14 21:03:20 jarvis.utils.FilesUtils : Exception happened 
[FINE] 2016-04-20 19:39:44 jarvis.utils.FilesUtils : Exception happened 
[FINE] 2016-04-20 19:57:40 jarvis.utils.FilesUtils : Exception happened 
[FINE] 2016-05-11 21:17:12 jarvis.utils.FilesUtils : Exception happened 
[FINE] 2016-05-18 22:40:58 jarvis.utils.FilesUtils : Exception happened 
[FINE] 2016-05-18 22:43:47 jarvis.utils.FilesUtils : Exception happened 
[FINE] 2016-05-22 21:24:17 jarvis.utils.FilesUtils : Exception happened 
[FINE] 2016-05-24 20:44:41 jarvis.utils.FilesUtils : Exception happened 
[FINE] 2016-05-24 20:46:30 jarvis.utils.FilesUtils : Exception happened 
[FINE] 2016-05-24 21:02:03 jarvis.utils.FilesUtils : Exception happened 
[FINE] 2016-05-24 21:02:23 jarvis.utils.FilesUtils : Exception happened 
[FINE] 2016-05-24 21:07:39 jarvis.utils.FilesUtils : Exception happened 
[FINE] 2016-05-24 21:08:15 jarvis.utils.FilesUtils : Exception happened 
[FINE] 2016-05-24 21:09:29 jarvis.utils.FilesUtils : Exception happened 
[FINE] 2016-05-24 21:20:44 jarvis.utils.FilesUtils : Exception happened 
[FINE] 2016-06-06 21:50:36 jarvis.utils.FilesUtils : Exception happened 
[INFO] 2016-06-13 22:10:49 jarvis.ReadProperties :pattern.email=[w!#$%&'*+/=?^_`{|}~-]+(?:.[w!#$%&'*+/=?^_`{|}~-]+)*@(?:[w](?:[w-]*[w])?.)+[w](?:[w-]*[w])?
[INFO] 2016-06-13 22:10:49 jarvis.ReadProperties :pattern.email=[w!#$%&'*+/=?^_`{|}~-]+(?:.[w!#$%&'*+/=?^_`{|}~-]+)*@(?:[w](?:[w-]*[w])?.)+[w](?:[w-]*[w])?
[INFO] 2016-06-13 22:10:49 jarvis.ReadProperties :pattern.negative.integer=^-[1-9]d*$
[INFO] 2016-06-13 22:10:49 jarvis.ReadProperties :pattern.email=[w!#$%&'*+/=?^_`{|}~-]+(?:.[w!#$%&'*+/=?^_`{|}~-]+)*@(?:[w](?:[w-]*[w])?.)+[w](?:[w-]*[w])?
[INFO] 2016-06-13 22:10:49 jarvis.ReadProperties :pattern.negative.integer=^-[1-9]d*$
[INFO] 2016-06-13 22:10:49 jarvis.ReadProperties :pattern.tel.number=d{3}-d{8}|d{4}-{7,8}
[INFO] 2016-06-13 22:10:49 jarvis.ReadProperties :pattern.email=[w!#$%&'*+/=?^_`{|}~-]+(?:.[w!#$%&'*+/=?^_`{|}~-]+)*@(?:[w](?:[w-]*[w])?.)+[w](?:[w-]*[w])?
[INFO] 2016-06-13 22:10:49 jarvis.ReadProperties :pattern.negative.integer=^-[1-9]d*$
[INFO] 2016-06-13 22:10:49 jarvis.ReadProperties :pattern.tel.number=d{3}-d{8}|d{4}-{7,8}
[INFO] 2016-06-13 22:10:49 jarvis.ReadProperties :pattern.qq=[1-9][0-9]{4,}
[INFO] 2016-06-13 22:10:49 jarvis.ReadProperties :pattern.email=[w!#$%&'*+/=?^_`{|}~-]+(?:.[w!#$%&'*+/=?^_`{|}~-]+)*@(?:[w](?:[w-]*[w])?.)+[w](?:[w-]*[w])?
[INFO] 2016-06-13 22:10:49 jarvis.ReadProperties :pattern.negative.integer=^-[1-9]d*$
[INFO] 2016-06-13 22:10:49 jarvis.ReadProperties :pattern.tel.number=d{3}-d{8}|d{4}-{7,8}
[INFO] 2016-06-13 22:10:49 jarvis.ReadProperties :pattern.qq=[1-9][0-9]{4,}
[INFO] 2016-06-13 22:10:49 jarvis.ReadProperties :pattern.blank.line=
s*
[INFO] 2016-06-13 22:10:49 jarvis.ReadProperties :pattern.email=[w!#$%&'*+/=?^_`{|}~-]+(?:.[w!#$%&'*+/=?^_`{|}~-]+)*@(?:[w](?:[w-]*[w])?.)+[w](?:[w-]*[w])?
[INFO] 2016-06-13 22:10:49 jarvis.ReadProperties :pattern.negative.integer=^-[1-9]d*$
[INFO] 2016-06-13 22:10:49 jarvis.ReadProperties :pattern.tel.number=d{3}-d{8}|d{4}-{7,8}
[INFO] 2016-06-13 22:10:49 jarvis.ReadProperties :pattern.qq=[1-9][0-9]{4,}
[INFO] 2016-06-13 22:10:49 jarvis.ReadProperties :pattern.blank.line=
s*
[INFO] 2016-06-13 22:10:49 jarvis.ReadProperties :pattern.integer=^-?[1-9]d*$
[INFO] 2016-06-13 22:10:49 jarvis.ReadProperties :pattern.email=[w!#$%&'*+/=?^_`{|}~-]+(?:.[w!#$%&'*+/=?^_`{|}~-]+)*@(?:[w](?:[w-]*[w])?.)+[w](?:[w-]*[w])?
[INFO] 2016-06-13 22:10:49 jarvis.ReadProperties :pattern.negative.integer=^-[1-9]d*$
[INFO] 2016-06-13 22:10:49 jarvis.ReadProperties :pattern.tel.number=d{3}-d{8}|d{4}-{7,8}
[INFO] 2016-06-13 22:10:49 jarvis.ReadProperties :pattern.qq=[1-9][0-9]{4,}
[INFO] 2016-06-13 22:10:49 jarvis.ReadProperties :pattern.blank.line=
s*
[INFO] 2016-06-13 22:10:49 jarvis.ReadProperties :pattern.integer=^-?[1-9]d*$
[INFO] 2016-06-13 22:10:49 jarvis.ReadProperties :pattern.china.post.code=[1-9]d{5}(?!d)
[INFO] 2016-06-13 22:10:49 jarvis.ReadProperties :pattern.email=[w!#$%&'*+/=?^_`{|}~-]+(?:.[w!#$%&'*+/=?^_`{|}~-]+)*@(?:[w](?:[w-]*[w])?.)+[w](?:[w-]*[w])?
[INFO] 2016-06-13 22:10:49 jarvis.ReadProperties :pattern.negative.integer=^-[1-9]d*$
[INFO] 2016-06-13 22:10:49 jarvis.ReadProperties :pattern.tel.number=d{3}-d{8}|d{4}-{7,8}
[INFO] 2016-06-13 22:10:49 jarvis.ReadProperties :pattern.qq=[1-9][0-9]{4,}
[INFO] 2016-06-13 22:10:49 jarvis.ReadProperties :pattern.blank.line=
s*
[INFO] 2016-06-13 22:10:49 jarvis.ReadProperties :pattern.integer=^-?[1-9]d*$
[INFO] 2016-06-13 22:10:49 jarvis.ReadProperties :pattern.china.post.code=[1-9]d{5}(?!d)
[INFO] 2016-06-13 22:10:49 jarvis.ReadProperties :pattern.chinese.char=[一-龥]
[INFO] 2016-06-13 22:10:49 jarvis.ReadProperties :pattern.email=[w!#$%&'*+/=?^_`{|}~-]+(?:.[w!#$%&'*+/=?^_`{|}~-]+)*@(?:[w](?:[w-]*[w])?.)+[w](?:[w-]*[w])?
[INFO] 2016-06-13 22:10:49 jarvis.ReadProperties :pattern.negative.integer=^-[1-9]d*$
[INFO] 2016-06-13 22:10:49 jarvis.ReadProperties :pattern.tel.number=d{3}-d{8}|d{4}-{7,8}
[INFO] 2016-06-13 22:10:49 jarvis.ReadProperties :pattern.qq=[1-9][0-9]{4,}
[INFO] 2016-06-13 22:10:49 jarvis.ReadProperties :pattern.blank.line=
s*
[INFO] 2016-06-13 22:10:49 jarvis.ReadProperties :pattern.integer=^-?[1-9]d*$
[INFO] 2016-06-13 22:10:49 jarvis.ReadProperties :pattern.china.post.code=[1-9]d{5}(?!d)
[INFO] 2016-06-13 22:10:49 jarvis.ReadProperties :pattern.chinese.char=[一-龥]
[INFO] 2016-06-13 22:10:49 jarvis.ReadProperties :pattern.positive.float=^[1-9]d*.d*|0.d*[1-9]d*$
[INFO] 2016-06-13 22:10:49 jarvis.ReadProperties :pattern.email=[w!#$%&'*+/=?^_`{|}~-]+(?:.[w!#$%&'*+/=?^_`{|}~-]+)*@(?:[w](?:[w-]*[w])?.)+[w](?:[w-]*[w])?
[INFO] 2016-06-13 22:10:49 jarvis.ReadProperties :pattern.negative.integer=^-[1-9]d*$
[INFO] 2016-06-13 22:10:49 jarvis.ReadProperties :pattern.tel.number=d{3}-d{8}|d{4}-{7,8}
[INFO] 2016-06-13 22:10:49 jarvis.ReadProperties :pattern.qq=[1-9][0-9]{4,}
[INFO] 2016-06-13 22:10:49 jarvis.ReadProperties :pattern.blank.line=
s*
[INFO] 2016-06-13 22:10:49 jarvis.ReadProperties :pattern.integer=^-?[1-9]d*$
[INFO] 2016-06-13 22:10:49 jarvis.ReadProperties :pattern.china.post.code=[1-9]d{5}(?!d)
[INFO] 2016-06-13 22:10:49 jarvis.ReadProperties :pattern.chinese.char=[一-龥]
[INFO] 2016-06-13 22:10:49 jarvis.ReadProperties :pattern.positive.float=^[1-9]d*.d*|0.d*[1-9]d*$
[INFO] 2016-06-13 22:10:49 jarvis.ReadProperties :pattern.nonnegative.integer=^[1-9]d*|0$
[INFO] 2016-06-13 22:10:49 jarvis.ReadProperties :pattern.email=[w!#$%&'*+/=?^_`{|}~-]+(?:.[w!#$%&'*+/=?^_`{|}~-]+)*@(?:[w](?:[w-]*[w])?.)+[w](?:[w-]*[w])?
[INFO] 2016-06-13 22:10:49 jarvis.ReadProperties :pattern.negative.integer=^-[1-9]d*$
[INFO] 2016-06-13 22:10:49 jarvis.ReadProperties :pattern.tel.number=d{3}-d{8}|d{4}-{7,8}
[INFO] 2016-06-13 22:10:49 jarvis.ReadProperties :pattern.qq=[1-9][0-9]{4,}
[INFO] 2016-06-13 22:10:49 jarvis.ReadProperties :pattern.blank.line=
s*
[INFO] 2016-06-13 22:10:49 jarvis.ReadProperties :pattern.integer=^-?[1-9]d*$
[INFO] 2016-06-13 22:10:49 jarvis.ReadProperties :pattern.china.post.code=[1-9]d{5}(?!d)
[INFO] 2016-06-13 22:10:49 jarvis.ReadProperties :pattern.chinese.char=[一-龥]
[INFO] 2016-06-13 22:10:49 jarvis.ReadProperties :pattern.positive.float=^[1-9]d*.d*|0.d*[1-9]d*$
[INFO] 2016-06-13 22:10:49 jarvis.ReadProperties :pattern.nonnegative.integer=^[1-9]d*|0$
[INFO] 2016-06-13 22:10:49 jarvis.ReadProperties :pattern.date.yyyy.mm.dd=([0-9]{3}[1-9]|[0-9]{2}[1-9][0-9]{1}|[0-9]{1}[1-9][0-9]{2}|[1-9][0-9]{3})-(((0[13578]|1[02])-(0[1-9]|[12][0-9]|3[01]))|((0[469]|11)-(0[1-9]|[12][0-9]|30))|(02-(0[1-9]|[1][0-9]|2[0-8])))
[INFO] 2016-06-13 22:10:49 jarvis.ReadProperties :pattern.email=[w!#$%&'*+/=?^_`{|}~-]+(?:.[w!#$%&'*+/=?^_`{|}~-]+)*@(?:[w](?:[w-]*[w])?.)+[w](?:[w-]*[w])?
[INFO] 2016-06-13 22:10:49 jarvis.ReadProperties :pattern.negative.integer=^-[1-9]d*$
[INFO] 2016-06-13 22:10:49 jarvis.ReadProperties :pattern.tel.number=d{3}-d{8}|d{4}-{7,8}
[INFO] 2016-06-13 22:10:49 jarvis.ReadProperties :pattern.qq=[1-9][0-9]{4,}
[INFO] 2016-06-13 22:10:49 jarvis.ReadProperties :pattern.blank.line=
s*
[INFO] 2016-06-13 22:10:49 jarvis.ReadProperties :pattern.integer=^-?[1-9]d*$
[INFO] 2016-06-13 22:10:49 jarvis.ReadProperties :pattern.china.post.code=[1-9]d{5}(?!d)
[INFO] 2016-06-13 22:10:49 jarvis.ReadProperties :pattern.chinese.char=[一-龥]
[INFO] 2016-06-13 22:10:49 jarvis.ReadProperties :pattern.positive.float=^[1-9]d*.d*|0.d*[1-9]d*$
[INFO] 2016-06-13 22:10:49 jarvis.ReadProperties :pattern.nonnegative.integer=^[1-9]d*|0$
[INFO] 2016-06-13 22:10:49 jarvis.ReadProperties :pattern.date.yyyy.mm.dd=([0-9]{3}[1-9]|[0-9]{2}[1-9][0-9]{1}|[0-9]{1}[1-9][0-9]{2}|[1-9][0-9]{3})-(((0[13578]|1[02])-(0[1-9]|[12][0-9]|3[01]))|((0[469]|11)-(0[1-9]|[12][0-9]|30))|(02-(0[1-9]|[1][0-9]|2[0-8])))
[INFO] 2016-06-13 22:10:49 jarvis.ReadProperties :pattern.positive.integer=^[1-9]d*$
[INFO] 2016-06-13 22:10:49 jarvis.ReadProperties :pattern.email=[w!#$%&'*+/=?^_`{|}~-]+(?:.[w!#$%&'*+/=?^_`{|}~-]+)*@(?:[w](?:[w-]*[w])?.)+[w](?:[w-]*[w])?
[INFO] 2016-06-13 22:10:49 jarvis.ReadProperties :pattern.negative.integer=^-[1-9]d*$
[INFO] 2016-06-13 22:10:49 jarvis.ReadProperties :pattern.tel.number=d{3}-d{8}|d{4}-{7,8}
[INFO] 2016-06-13 22:10:49 jarvis.ReadProperties :pattern.qq=[1-9][0-9]{4,}
[INFO] 2016-06-13 22:10:49 jarvis.ReadProperties :pattern.blank.line=
s*
[INFO] 2016-06-13 22:10:49 jarvis.ReadProperties :pattern.integer=^-?[1-9]d*$
[INFO] 2016-06-13 22:10:49 jarvis.ReadProperties :pattern.china.post.code=[1-9]d{5}(?!d)
[INFO] 2016-06-13 22:10:49 jarvis.ReadProperties :pattern.chinese.char=[一-龥]
[INFO] 2016-06-13 22:10:49 jarvis.ReadProperties :pattern.positive.float=^[1-9]d*.d*|0.d*[1-9]d*$
[INFO] 2016-06-13 22:10:49 jarvis.ReadProperties :pattern.nonnegative.integer=^[1-9]d*|0$
[INFO] 2016-06-13 22:10:49 jarvis.ReadProperties :pattern.date.yyyy.mm.dd=([0-9]{3}[1-9]|[0-9]{2}[1-9][0-9]{1}|[0-9]{1}[1-9][0-9]{2}|[1-9][0-9]{3})-(((0[13578]|1[02])-(0[1-9]|[12][0-9]|3[01]))|((0[469]|11)-(0[1-9]|[12][0-9]|30))|(02-(0[1-9]|[1][0-9]|2[0-8])))
[INFO] 2016-06-13 22:10:49 jarvis.ReadProperties :pattern.positive.integer=^[1-9]d*$
[INFO] 2016-06-13 22:10:49 jarvis.ReadProperties :pattern.negative.float=^-[1-9]d*.d*|-0.d*[1-9]d*$
[INFO] 2016-06-13 22:10:49 jarvis.ReadProperties :pattern.email=[w!#$%&'*+/=?^_`{|}~-]+(?:.[w!#$%&'*+/=?^_`{|}~-]+)*@(?:[w](?:[w-]*[w])?.)+[w](?:[w-]*[w])?
[INFO] 2016-06-13 22:10:49 jarvis.ReadProperties :pattern.negative.integer=^-[1-9]d*$
[INFO] 2016-06-13 22:10:49 jarvis.ReadProperties :pattern.tel.number=d{3}-d{8}|d{4}-{7,8}
[INFO] 2016-06-13 22:10:49 jarvis.ReadProperties :pattern.qq=[1-9][0-9]{4,}
[INFO] 2016-06-13 22:10:49 jarvis.ReadProperties :pattern.blank.line=
s*
[INFO] 2016-06-13 22:10:49 jarvis.ReadProperties :pattern.integer=^-?[1-9]d*$
[INFO] 2016-06-13 22:10:49 jarvis.ReadProperties :pattern.china.post.code=[1-9]d{5}(?!d)
[INFO] 2016-06-13 22:10:49 jarvis.ReadProperties :pattern.chinese.char=[一-龥]
[INFO] 2016-06-13 22:10:49 jarvis.ReadProperties :pattern.positive.float=^[1-9]d*.d*|0.d*[1-9]d*$
[INFO] 2016-06-13 22:10:49 jarvis.ReadProperties :pattern.nonnegative.integer=^[1-9]d*|0$
[INFO] 2016-06-13 22:10:49 jarvis.ReadProperties :pattern.date.yyyy.mm.dd=([0-9]{3}[1-9]|[0-9]{2}[1-9][0-9]{1}|[0-9]{1}[1-9][0-9]{2}|[1-9][0-9]{3})-(((0[13578]|1[02])-(0[1-9]|[12][0-9]|3[01]))|((0[469]|11)-(0[1-9]|[12][0-9]|30))|(02-(0[1-9]|[1][0-9]|2[0-8])))
[INFO] 2016-06-13 22:10:49 jarvis.ReadProperties :pattern.positive.integer=^[1-9]d*$
[INFO] 2016-06-13 22:10:49 jarvis.ReadProperties :pattern.negative.float=^-[1-9]d*.d*|-0.d*[1-9]d*$
[INFO] 2016-06-13 22:10:49 jarvis.ReadProperties :pattern.chinese.id.number=^(d{6})(d{4})(d{2})(d{2})(d{3})([0-9]|X)$
[INFO] 2016-06-13 22:10:49 jarvis.ReadProperties :pattern.email=[w!#$%&'*+/=?^_`{|}~-]+(?:.[w!#$%&'*+/=?^_`{|}~-]+)*@(?:[w](?:[w-]*[w])?.)+[w](?:[w-]*[w])?
[INFO] 2016-06-13 22:10:49 jarvis.ReadProperties :pattern.negative.integer=^-[1-9]d*$
[INFO] 2016-06-13 22:10:49 jarvis.ReadProperties :pattern.tel.number=d{3}-d{8}|d{4}-{7,8}
[INFO] 2016-06-13 22:10:49 jarvis.ReadProperties :pattern.qq=[1-9][0-9]{4,}
[INFO] 2016-06-13 22:10:49 jarvis.ReadProperties :pattern.blank.line=
s*
[INFO] 2016-06-13 22:10:49 jarvis.ReadProperties :pattern.integer=^-?[1-9]d*$
[INFO] 2016-06-13 22:10:49 jarvis.ReadProperties :pattern.china.post.code=[1-9]d{5}(?!d)
[INFO] 2016-06-13 22:10:49 jarvis.ReadProperties :pattern.chinese.char=[一-龥]
[INFO] 2016-06-13 22:10:49 jarvis.ReadProperties :pattern.positive.float=^[1-9]d*.d*|0.d*[1-9]d*$
[INFO] 2016-06-13 22:10:49 jarvis.ReadProperties :pattern.nonnegative.integer=^[1-9]d*|0$
[INFO] 2016-06-13 22:10:49 jarvis.ReadProperties :pattern.date.yyyy.mm.dd=([0-9]{3}[1-9]|[0-9]{2}[1-9][0-9]{1}|[0-9]{1}[1-9][0-9]{2}|[1-9][0-9]{3})-(((0[13578]|1[02])-(0[1-9]|[12][0-9]|3[01]))|((0[469]|11)-(0[1-9]|[12][0-9]|30))|(02-(0[1-9]|[1][0-9]|2[0-8])))
[INFO] 2016-06-13 22:10:49 jarvis.ReadProperties :pattern.positive.integer=^[1-9]d*$
[INFO] 2016-06-13 22:10:49 jarvis.ReadProperties :pattern.negative.float=^-[1-9]d*.d*|-0.d*[1-9]d*$
[INFO] 2016-06-13 22:10:49 jarvis.ReadProperties :pattern.chinese.id.number=^(d{6})(d{4})(d{2})(d{2})(d{3})([0-9]|X)$
[INFO] 2016-06-13 22:10:49 jarvis.ReadProperties :pattern.double-byte.characters=[^x00-xff]
[INFO] 2016-06-13 22:10:49 jarvis.ReadProperties :pattern.email=[w!#$%&'*+/=?^_`{|}~-]+(?:.[w!#$%&'*+/=?^_`{|}~-]+)*@(?:[w](?:[w-]*[w])?.)+[w](?:[w-]*[w])?
[INFO] 2016-06-13 22:10:49 jarvis.ReadProperties :pattern.negative.integer=^-[1-9]d*$
[INFO] 2016-06-13 22:10:49 jarvis.ReadProperties :pattern.tel.number=d{3}-d{8}|d{4}-{7,8}
[INFO] 2016-06-13 22:10:49 jarvis.ReadProperties :pattern.qq=[1-9][0-9]{4,}
[INFO] 2016-06-13 22:10:49 jarvis.ReadProperties :pattern.blank.line=
s*
[INFO] 2016-06-13 22:10:49 jarvis.ReadProperties :pattern.integer=^-?[1-9]d*$
[INFO] 2016-06-13 22:10:49 jarvis.ReadProperties :pattern.china.post.code=[1-9]d{5}(?!d)
[INFO] 2016-06-13 22:10:49 jarvis.ReadProperties :pattern.chinese.char=[一-龥]
[INFO] 2016-06-13 22:10:49 jarvis.ReadProperties :pattern.positive.float=^[1-9]d*.d*|0.d*[1-9]d*$
[INFO] 2016-06-13 22:10:49 jarvis.ReadProperties :pattern.nonnegative.integer=^[1-9]d*|0$
[INFO] 2016-06-13 22:10:49 jarvis.ReadProperties :pattern.date.yyyy.mm.dd=([0-9]{3}[1-9]|[0-9]{2}[1-9][0-9]{1}|[0-9]{1}[1-9][0-9]{2}|[1-9][0-9]{3})-(((0[13578]|1[02])-(0[1-9]|[12][0-9]|3[01]))|((0[469]|11)-(0[1-9]|[12][0-9]|30))|(02-(0[1-9]|[1][0-9]|2[0-8])))
[INFO] 2016-06-13 22:10:49 jarvis.ReadProperties :pattern.positive.integer=^[1-9]d*$
[INFO] 2016-06-13 22:10:49 jarvis.ReadProperties :pattern.negative.float=^-[1-9]d*.d*|-0.d*[1-9]d*$
[INFO] 2016-06-13 22:10:49 jarvis.ReadProperties :pattern.chinese.id.number=^(d{6})(d{4})(d{2})(d{2})(d{3})([0-9]|X)$
[INFO] 2016-06-13 22:10:49 jarvis.ReadProperties :pattern.double-byte.characters=[^x00-xff]
[INFO] 2016-06-13 22:10:49 jarvis.ReadProperties :pattern.nopositive.integer=^-[1-9]d*|0$
[INFO] 2016-06-13 22:10:49 jarvis.ReadProperties :pattern.email=[w!#$%&'*+/=?^_`{|}~-]+(?:.[w!#$%&'*+/=?^_`{|}~-]+)*@(?:[w](?:[w-]*[w])?.)+[w](?:[w-]*[w])?
[INFO] 2016-06-13 22:10:49 jarvis.ReadProperties :pattern.negative.integer=^-[1-9]d*$
[INFO] 2016-06-13 22:10:49 jarvis.ReadProperties :pattern.tel.number=d{3}-d{8}|d{4}-{7,8}
[INFO] 2016-06-13 22:10:49 jarvis.ReadProperties :pattern.qq=[1-9][0-9]{4,}
[INFO] 2016-06-13 22:10:49 jarvis.ReadProperties :pattern.blank.line=
s*
[INFO] 2016-06-13 22:10:49 jarvis.ReadProperties :pattern.integer=^-?[1-9]d*$
[INFO] 2016-06-13 22:10:49 jarvis.ReadProperties :pattern.china.post.code=[1-9]d{5}(?!d)
[INFO] 2016-06-13 22:10:49 jarvis.ReadProperties :pattern.chinese.char=[一-龥]
[INFO] 2016-06-13 22:10:49 jarvis.ReadProperties :pattern.positive.float=^[1-9]d*.d*|0.d*[1-9]d*$
[INFO] 2016-06-13 22:10:49 jarvis.ReadProperties :pattern.nonnegative.integer=^[1-9]d*|0$
[INFO] 2016-06-13 22:10:49 jarvis.ReadProperties :pattern.date.yyyy.mm.dd=([0-9]{3}[1-9]|[0-9]{2}[1-9][0-9]{1}|[0-9]{1}[1-9][0-9]{2}|[1-9][0-9]{3})-(((0[13578]|1[02])-(0[1-9]|[12][0-9]|3[01]))|((0[469]|11)-(0[1-9]|[12][0-9]|30))|(02-(0[1-9]|[1][0-9]|2[0-8])))
[INFO] 2016-06-13 22:10:49 jarvis.ReadProperties :pattern.positive.integer=^[1-9]d*$
[INFO] 2016-06-13 22:10:49 jarvis.ReadProperties :pattern.negative.float=^-[1-9]d*.d*|-0.d*[1-9]d*$
[INFO] 2016-06-13 22:10:49 jarvis.ReadProperties :pattern.chinese.id.number=^(d{6})(d{4})(d{2})(d{2})(d{3})([0-9]|X)$
[INFO] 2016-06-13 22:10:49 jarvis.ReadProperties :pattern.double-byte.characters=[^x00-xff]
[INFO] 2016-06-13 22:10:49 jarvis.ReadProperties :pattern.nopositive.integer=^-[1-9]d*|0$
[INFO] 2016-06-13 22:10:49 jarvis.ReadProperties :pattern.url=[a-zA-z]+://[^s]*
